c:\storage\c\mqlmssqlcon\mqlmssqlcon\debug\mqlmssqlcon.pch
c:\storage\c\mqlmssqlcon\mqlmssqlcon\debug\vc140.pdb
c:\storage\c\mqlmssqlcon\mqlmssqlcon\debug\stdafx.obj
c:\storage\c\mqlmssqlcon\mqlmssqlcon\debug\mqlmssqlcon.obj
c:\storage\c\mqlmssqlcon\mqlmssqlcon\debug\assemblyinfo.obj
c:\storage\c\mqlmssqlcon\mqlmssqlcon\debug\.netframework,version=v4.6.1.assemblyattributes.obj
c:\storage\c\mqlmssqlcon\mqlmssqlcon\debug\.netframework,version=v4.6.1.assemblyattributes.asm
c:\storage\c\mqlmssqlcon\debug\mqlmssqlcon.dll
c:\storage\c\mqlmssqlcon\debug\mqlmssqlcon.pdb
c:\storage\c\mqlmssqlcon\mqlmssqlcon\debug\app.res
c:\storage\c\mqlmssqlcon\mqlmssqlcon\debug\mqlmssqlcon.vcxprojresolveassemblyreference.cache
c:\storage\c\mqlmssqlcon\mqlmssqlcon\debug\msado20.tli
c:\storage\c\mqlmssqlcon\mqlmssqlcon\debug\msado20.tlh
c:\storage\c\mqlmssqlcon\mqlmssqlcon\debug\mqlmssqlcon.tlog\cl.command.1.tlog
c:\storage\c\mqlmssqlcon\mqlmssqlcon\debug\mqlmssqlcon.tlog\cl.read.1.tlog
c:\storage\c\mqlmssqlcon\mqlmssqlcon\debug\mqlmssqlcon.tlog\cl.write.1.tlog
c:\storage\c\mqlmssqlcon\mqlmssqlcon\debug\mqlmssqlcon.tlog\link.command.1.tlog
c:\storage\c\mqlmssqlcon\mqlmssqlcon\debug\mqlmssqlcon.tlog\link.read.1.tlog
c:\storage\c\mqlmssqlcon\mqlmssqlcon\debug\mqlmssqlcon.tlog\link.write.1.tlog
c:\storage\c\mqlmssqlcon\mqlmssqlcon\debug\mqlmssqlcon.tlog\metagen.read.1.tlog
c:\storage\c\mqlmssqlcon\mqlmssqlcon\debug\mqlmssqlcon.tlog\metagen.write.1.tlog
c:\storage\c\mqlmssqlcon\mqlmssqlcon\debug\mqlmssqlcon.tlog\rc.command.1.tlog
c:\storage\c\mqlmssqlcon\mqlmssqlcon\debug\mqlmssqlcon.tlog\rc.read.1.tlog
c:\storage\c\mqlmssqlcon\mqlmssqlcon\debug\mqlmssqlcon.tlog\rc.write.1.tlog
c:\storage\c\mqlmssqlcon\mqlmssqlcon\debug\mqlmssqlcon.tlog\tzres.dll.bi
